2023/06/18 12:56:28 Received {c0 n0 {"type":"init","node_id":"n0","node_ids":["n0"],"msg_id":1}}
2023/06/18 12:56:28 Node n0 initialized
2023/06/18 12:56:28 Sent {"src":"n0","dest":"c0","body":{"in_reply_to":1,"type":"init_ok"}}
2023/06/18 12:56:28 Received {c1 n0 {"type":"topology","topology":{"n0":[]},"msg_id":1}}
fatal error: sync: Unlock of unlocked RWMutex

goroutine 20 [running]:
sync.fatal({0x4f0fa7?, 0x4cde60?})
	/usr/lib/golang/src/runtime/panic.go:1031 +0x1e
sync.(*RWMutex).Unlock(0xc00013a000)
	/usr/lib/golang/src/sync/rwmutex.go:209 +0x4a
mael.(*BroadcastService).TopologyHandler(0xc000122060, {{0xc0001302f8, 0x2}, {0xc0001302fa, 0x2}, {0xc00014c0c0, 0x33, 0x40}})
	/var/home/rtmoran/repos/rtmor/maelstrom/broadcast.go:91 +0xab
github.com/jepsen-io/maelstrom/demo/go.(*Node).handleMessage(0x0?, 0x0?, {{0xc0001302f8, 0x2}, {0xc0001302fa, 0x2}, {0xc00014c0c0, 0x33, 0x40}})
	/var/home/rtmoran/.local/share/go/pkg/mod/github.com/jepsen-io/maelstrom/demo/go@v0.0.0-20230516124010-52951329816e/node.go:151 +0x96
github.com/jepsen-io/maelstrom/demo/go.(*Node).Run.func2()
	/var/home/rtmoran/.local/share/go/pkg/mod/github.com/jepsen-io/maelstrom/demo/go@v0.0.0-20230516124010-52951329816e/node.go:129 +0x88
created by github.com/jepsen-io/maelstrom/demo/go.(*Node).Run
	/var/home/rtmoran/.local/share/go/pkg/mod/github.com/jepsen-io/maelstrom/demo/go@v0.0.0-20230516124010-52951329816e/node.go:127 +0x41b

goroutine 1 [syscall]:
syscall.Syscall(0xc0?, 0x1018c5c?, 0x800000?, 0x7ffff800000?)
	/usr/lib/golang/src/syscall/syscall_linux.go:69 +0x27
syscall.read(0xc00012a000?, {0xc00013c0be?, 0x0?, 0x0?})
	/usr/lib/golang/src/syscall/zsyscall_linux_amd64.go:711 +0x45
syscall.Read(...)
	/usr/lib/golang/src/syscall/syscall_unix.go:178
internal/poll.ignoringEINTRIO(...)
	/usr/lib/golang/src/internal/poll/fd_unix.go:794
internal/poll.(*FD).Read(0xc00012a000?, {0xc00013c0be?, 0xf42?, 0xf42?})
	/usr/lib/golang/src/internal/poll/fd_unix.go:163 +0x2ce
os.(*File).read(...)
	/usr/lib/golang/src/os/file_posix.go:31
os.(*File).Read(0xc000128000, {0xc00013c0be?, 0xc000149da8?, 0x499f7c?})
	/usr/lib/golang/src/os/file.go:118 +0x5e
bufio.(*Scanner).Scan(0xc000149eb8)
	/usr/lib/golang/src/bufio/scan.go:214 +0x876
github.com/jepsen-io/maelstrom/demo/go.(*Node).Run(0xc000138000)
	/var/home/rtmoran/.local/share/go/pkg/mod/github.com/jepsen-io/maelstrom/demo/go@v0.0.0-20230516124010-52951329816e/node.go:79 +0x85
mael.(*BroadcastService).Run(...)
	/var/home/rtmoran/repos/rtmor/maelstrom/broadcast.go:44
main.main()
	/var/home/rtmoran/repos/rtmor/maelstrom/cmd/broadcast/main.go:10 +0x25
