2023-06-20 09:19:54,670{GMT}	INFO	[jepsen test runner] jepsen.core: Command line:
lein run test -w broadcast --bin broadcast --node-count 1 --time-limit 20 --rate 10
2023-06-20 09:19:54,733{GMT}	INFO	[jepsen test runner] jepsen.core: Running test:
{:args []
 :remote
 #jepsen.control.retry.Remote{:remote #jepsen.control.scp.Remote{:cmd-remote #jepsen.control.sshj.SSHJRemote{:concurrency-limit 6,
                                                                                                             :conn-spec nil,
                                                                                                             :client nil,
                                                                                                             :semaphore nil},
                                                                 :conn-spec nil},
                              :conn nil}
 :log-net-send false
 :node-count 1
 :availability nil
 :max-txn-length 4
 :concurrency 1
 :db
 #object[maelstrom.db$db$reify__16142
         "0x5d41b929"
         "maelstrom.db$db$reify__16142@5d41b929"]
 :max-writes-per-key 16
 :leave-db-running? false
 :name "broadcast"
 :logging-json? false
 :start-time
 #object[org.joda.time.DateTime "0x797a5b31" "2023-06-20T09:19:54.655-04:00"]
 :nemesis-interval 10
 :net
 #object[maelstrom.net$jepsen_net$reify__15251
         "0x13d7d1a8"
         "maelstrom.net$jepsen_net$reify__15251@13d7d1a8"]
 :client
 #object[maelstrom.workload.broadcast$client$reify__16644
         "0x60035f1e"
         "maelstrom.workload.broadcast$client$reify__16644@60035f1e"]
 :barrier
 #object[java.util.concurrent.CyclicBarrier
         "0x5827908c"
         "java.util.concurrent.CyclicBarrier@5827908c"]
 :log-stderr false
 :pure-generators true
 :ssh {:dummy? true}
 :rate 10.0
 :checker
 #object[jepsen.checker$compose$reify__11881
         "0x732ffb6a"
         "jepsen.checker$compose$reify__11881@732ffb6a"]
 :argv
 ("test"
  "-w"
  "broadcast"
  "--bin"
  "broadcast"
  "--node-count"
  "1"
  "--time-limit"
  "20"
  "--rate"
  "10")
 :nemesis
 (jepsen.nemesis.ReflCompose
  {:fm {:start-partition 0,
        :stop-partition 0,
        :kill 1,
        :start 1,
        :pause 1,
        :resume 1},
   :nemeses [#unprintable "jepsen.nemesis.combined$partition_nemesis$reify__16416@5ed83e36"
             #unprintable "jepsen.nemesis.combined$db_nemesis$reify__16397@2459715c"]})
 :nodes ["n0"]
 :test-count 1
 :latency {:mean 0, :dist :constant}
 :bin "broadcast"
 :generator
 ((jepsen.generator.Synchronize
   {:gen (jepsen.generator.TimeLimit
          {:limit 20000000000,
           :cutoff nil,
           :gen (jepsen.generator.Any
                 {:gens [(jepsen.generator.OnThreads
                          {:f #{:nemesis},
                           :context-filter #object[jepsen.generator.context$make_thread_filter$lazy_filter__9167
                                                   "0x6d3b59e2"
                                                   "jepsen.generator.context$make_thread_filter$lazy_filter__9167@6d3b59e2"],
                           :gen nil})
                         (jepsen.generator.OnThreads
                          {:f #jepsen.generator.context.AllBut{:element :nemesis},
                           :context-filter #object[jepsen.generator.context$make_thread_filter$lazy_filter__9167
                                                   "0x164dfad2"
                                                   "jepsen.generator.context$make_thread_filter$lazy_filter__9167@164dfad2"],
                           :gen (jepsen.generator.Stagger
                                 {:dt 200000000,
                                  :next-time nil,
                                  :gen (jepsen.generator.Mix
                                        {:i 1,
                                         :gens [({:f :broadcast, :value 0}
                                                 {:f :broadcast, :value 1}
                                                 {:f :broadcast, :value 2}
                                                 {:f :broadcast, :value 3}
                                                 {:f :broadcast, :value 4}
                                                 {:f :broadcast, :value 5}
                                                 {:f :broadcast, :value 6}
                                                 {:f :broadcast, :value 7}
                                                 ...)
                                                ({:f :read}
                                                 {:f :read}
                                                 {:f :read}
                                                 {:f :read}
                                                 {:f :read}
                                                 {:f :read}
                                                 {:f :read}
                                                 {:f :read}
                                                 ...)]})})})]})})})
  (jepsen.generator.Synchronize
   {:gen (jepsen.generator.OnThreads
          {:f #{:nemesis},
           :context-filter #object[jepsen.generator.context$make_thread_filter$lazy_filter__9167
                                   "0x405a296e"
                                   "jepsen.generator.context$make_thread_filter$lazy_filter__9167@405a296e"],
           :gen ()})})
  (jepsen.generator.Synchronize
   {:gen {:type :log, :value "Waiting for recovery..."}})
  (jepsen.generator.Synchronize {:gen {:type :sleep, :value 10}})
  (jepsen.generator.Synchronize
   {:gen (jepsen.generator.OnThreads
          {:f #jepsen.generator.context.AllBut{:element :nemesis},
           :context-filter #object[jepsen.generator.context$make_thread_filter$lazy_filter__9167
                                   "0x77198cce"
                                   "jepsen.generator.context$make_thread_filter$lazy_filter__9167@77198cce"],
           :gen (jepsen.generator.EachThread
                 {:fresh-gen {:f :read, :final? true},
                  :context-filters #object[clojure.core$promise$reify__8591
                                           "0xe7b7395"
                                           {:status :pending, :val nil}],
                  :gens {}})})}))
 :log-net-recv false
 :os
 #object[maelstrom.net$jepsen_os$reify__15254
         "0x383c94ed"
         "maelstrom.net$jepsen_os$reify__15254@383c94ed"]
 :time-limit 20
 :workload :broadcast
 :consistency-models [:strict-serializable]
 :topology :grid}

2023-06-20 09:19:55,920{GMT}	INFO	[jepsen node n0] maelstrom.net: Starting Maelstrom network
2023-06-20 09:19:55,921{GMT}	INFO	[jepsen test runner] jepsen.db: Tearing down DB
2023-06-20 09:19:55,922{GMT}	INFO	[jepsen test runner] jepsen.db: Setting up DB
2023-06-20 09:19:55,924{GMT}	INFO	[jepsen node n0] maelstrom.service: Starting services: (lin-kv lin-tso lww-kv seq-kv)
2023-06-20 09:19:55,925{GMT}	INFO	[jepsen node n0] maelstrom.db: Setting up n0
2023-06-20 09:19:55,925{GMT}	INFO	[jepsen node n0] maelstrom.process: launching broadcast []
2023-06-20 09:19:55,942{GMT}	INFO	[jepsen test runner] jepsen.core: Relative time begins now
2023-06-20 09:19:55,955{GMT}	INFO	[jepsen worker 0] jepsen.util: 0	:invoke	:read	nil
2023-06-20 09:19:55,957{GMT}	INFO	[jepsen worker 0] jepsen.util: 0	:ok	:read	nil
2023-06-20 09:19:55,964{GMT}	INFO	[jepsen worker 0] jepsen.util: 0	:invoke	:read	nil
2023-06-20 09:19:55,966{GMT}	INFO	[jepsen worker 0] jepsen.util: 0	:ok	:read	nil
2023-06-20 09:19:55,992{GMT}	INFO	[jepsen worker 0] jepsen.util: 0	:invoke	:read	nil
2023-06-20 09:19:55,994{GMT}	INFO	[jepsen worker 0] jepsen.util: 0	:ok	:read	nil
2023-06-20 09:19:56,076{GMT}	INFO	[jepsen worker 0] jepsen.util: 0	:invoke	:broadcast	0
2023-06-20 09:19:56,077{GMT}	INFO	[jepsen worker 0] jepsen.util: 0	:ok	:broadcast	0
2023-06-20 09:19:56,097{GMT}	INFO	[jepsen worker 0] jepsen.util: 0	:invoke	:broadcast	1
2023-06-20 09:19:56,099{GMT}	INFO	[jepsen worker 0] jepsen.util: 0	:ok	:broadcast	1
2023-06-20 09:19:56,149{GMT}	INFO	[jepsen worker 0] jepsen.util: 0	:invoke	:read	nil
2023-06-20 09:19:56,151{GMT}	INFO	[jepsen worker 0] jepsen.util: 0	:ok	:read	[0 1]
2023-06-20 09:19:56,327{GMT}	INFO	[jepsen worker 0] jepsen.util: 0	:invoke	:read	nil
2023-06-20 09:19:56,329{GMT}	INFO	[jepsen worker 0] jepsen.util: 0	:ok	:read	[0 1]
2023-06-20 09:19:56,375{GMT}	INFO	[jepsen worker 0] jepsen.util: 0	:invoke	:read	nil
2023-06-20 09:19:56,376{GMT}	INFO	[jepsen worker 0] jepsen.util: 0	:ok	:read	[0 1]
2023-06-20 09:19:56,553{GMT}	INFO	[jepsen worker 0] jepsen.util: 0	:invoke	:read	nil
2023-06-20 09:19:56,555{GMT}	INFO	[jepsen worker 0] jepsen.util: 0	:ok	:read	[0 1]
2023-06-20 09:19:56,665{GMT}	INFO	[jepsen worker 0] jepsen.util: 0	:invoke	:read	nil
2023-06-20 09:19:56,667{GMT}	INFO	[jepsen worker 0] jepsen.util: 0	:ok	:read	[0 1]
2023-06-20 09:19:56,675{GMT}	INFO	[jepsen worker 0] jepsen.util: 0	:invoke	:broadcast	2
2023-06-20 09:19:56,677{GMT}	INFO	[jepsen worker 0] jepsen.util: 0	:ok	:broadcast	2
2023-06-20 09:19:56,824{GMT}	INFO	[jepsen worker 0] jepsen.util: 0	:invoke	:read	nil
2023-06-20 09:19:56,826{GMT}	INFO	[jepsen worker 0] jepsen.util: 0	:ok	:read	[0 1 2]
2023-06-20 09:19:56,949{GMT}	INFO	[jepsen worker 0] jepsen.util: 0	:invoke	:read	nil
2023-06-20 09:19:56,951{GMT}	INFO	[jepsen worker 0] jepsen.util: 0	:ok	:read	[0 1 2]
2023-06-20 09:19:57,078{GMT}	INFO	[jepsen worker 0] jepsen.util: 0	:invoke	:read	nil
2023-06-20 09:19:57,079{GMT}	INFO	[jepsen worker 0] jepsen.util: 0	:ok	:read	[0 1 2]
2023-06-20 09:19:57,089{GMT}	INFO	[jepsen worker 0] jepsen.util: 0	:invoke	:broadcast	3
2023-06-20 09:19:57,090{GMT}	INFO	[jepsen worker 0] jepsen.util: 0	:ok	:broadcast	3
2023-06-20 09:19:57,260{GMT}	INFO	[jepsen worker 0] jepsen.util: 0	:invoke	:read	nil
2023-06-20 09:19:57,262{GMT}	INFO	[jepsen worker 0] jepsen.util: 0	:ok	:read	[0 1 2 3]
2023-06-20 09:19:57,375{GMT}	INFO	[jepsen worker 0] jepsen.util: 0	:invoke	:broadcast	4
2023-06-20 09:19:57,377{GMT}	INFO	[jepsen worker 0] jepsen.util: 0	:ok	:broadcast	4
2023-06-20 09:19:57,383{GMT}	INFO	[jepsen worker 0] jepsen.util: 0	:invoke	:broadcast	5
2023-06-20 09:19:57,384{GMT}	INFO	[jepsen worker 0] jepsen.util: 0	:ok	:broadcast	5
2023-06-20 09:19:57,553{GMT}	INFO	[jepsen worker 0] jepsen.util: 0	:invoke	:broadcast	6
2023-06-20 09:19:57,555{GMT}	INFO	[jepsen worker 0] jepsen.util: 0	:ok	:broadcast	6
2023-06-20 09:19:57,679{GMT}	INFO	[jepsen worker 0] jepsen.util: 0	:invoke	:broadcast	7
2023-06-20 09:19:57,681{GMT}	INFO	[jepsen worker 0] jepsen.util: 0	:ok	:broadcast	7
2023-06-20 09:19:57,754{GMT}	INFO	[jepsen worker 0] jepsen.util: 0	:invoke	:read	nil
2023-06-20 09:19:57,756{GMT}	INFO	[jepsen worker 0] jepsen.util: 0	:ok	:read	[0 1 2 3 4 5 6 7]
2023-06-20 09:19:57,838{GMT}	INFO	[jepsen worker 0] jepsen.util: 0	:invoke	:broadcast	8
2023-06-20 09:19:57,840{GMT}	INFO	[jepsen worker 0] jepsen.util: 0	:ok	:broadcast	8
2023-06-20 09:19:58,017{GMT}	INFO	[jepsen worker 0] jepsen.util: 0	:invoke	:read	nil
2023-06-20 09:19:58,019{GMT}	INFO	[jepsen worker 0] jepsen.util: 0	:ok	:read	[0 1 2 3 4 5 6 7 8]
2023-06-20 09:19:58,133{GMT}	INFO	[jepsen worker 0] jepsen.util: 0	:invoke	:broadcast	9
2023-06-20 09:19:58,134{GMT}	INFO	[jepsen worker 0] jepsen.util: 0	:ok	:broadcast	9
2023-06-20 09:19:58,253{GMT}	INFO	[jepsen worker 0] jepsen.util: 0	:invoke	:read	nil
2023-06-20 09:19:58,255{GMT}	INFO	[jepsen worker 0] jepsen.util: 0	:ok	:read	[0 1 2 3 4 5 6 7 8 9]
2023-06-20 09:19:58,353{GMT}	INFO	[jepsen worker 0] jepsen.util: 0	:invoke	:read	nil
2023-06-20 09:19:58,354{GMT}	INFO	[jepsen worker 0] jepsen.util: 0	:ok	:read	[0 1 2 3 4 5 6 7 8 9]
2023-06-20 09:19:58,423{GMT}	INFO	[jepsen worker 0] jepsen.util: 0	:invoke	:read	nil
2023-06-20 09:19:58,424{GMT}	INFO	[jepsen worker 0] jepsen.util: 0	:ok	:read	[0 1 2 3 4 5 6 7 8 9]
2023-06-20 09:19:58,451{GMT}	INFO	[jepsen worker 0] jepsen.util: 0	:invoke	:broadcast	10
2023-06-20 09:19:58,453{GMT}	INFO	[jepsen worker 0] jepsen.util: 0	:ok	:broadcast	10
2023-06-20 09:19:58,575{GMT}	INFO	[jepsen worker 0] jepsen.util: 0	:invoke	:read	nil
2023-06-20 09:19:58,577{GMT}	INFO	[jepsen worker 0] jepsen.util: 0	:ok	:read	[0 1 2 3 4 5 6 7 8 9 10]
2023-06-20 09:19:58,610{GMT}	INFO	[jepsen worker 0] jepsen.util: 0	:invoke	:read	nil
2023-06-20 09:19:58,611{GMT}	INFO	[jepsen worker 0] jepsen.util: 0	:ok	:read	[0 1 2 3 4 5 6 7 8 9 10]
2023-06-20 09:19:58,722{GMT}	INFO	[jepsen worker 0] jepsen.util: 0	:invoke	:broadcast	11
2023-06-20 09:19:58,724{GMT}	INFO	[jepsen worker 0] jepsen.util: 0	:ok	:broadcast	11
2023-06-20 09:19:58,830{GMT}	INFO	[jepsen worker 0] jepsen.util: 0	:invoke	:read	nil
2023-06-20 09:19:58,831{GMT}	INFO	[jepsen worker 0] jepsen.util: 0	:ok	:read	[0 1 2 3 4 5 6 7 8 9 10 11]
2023-06-20 09:19:58,968{GMT}	INFO	[jepsen worker 0] jepsen.util: 0	:invoke	:read	nil
2023-06-20 09:19:58,969{GMT}	INFO	[jepsen worker 0] jepsen.util: 0	:ok	:read	[0 1 2 3 4 5 6 7 8 9 10 11]
2023-06-20 09:19:59,157{GMT}	INFO	[jepsen worker 0] jepsen.util: 0	:invoke	:broadcast	12
2023-06-20 09:19:59,159{GMT}	INFO	[jepsen worker 0] jepsen.util: 0	:ok	:broadcast	12
2023-06-20 09:19:59,309{GMT}	INFO	[jepsen worker 0] jepsen.util: 0	:invoke	:broadcast	13
2023-06-20 09:19:59,310{GMT}	INFO	[jepsen worker 0] jepsen.util: 0	:ok	:broadcast	13
2023-06-20 09:19:59,455{GMT}	INFO	[jepsen worker 0] jepsen.util: 0	:invoke	:read	nil
2023-06-20 09:19:59,457{GMT}	INFO	[jepsen worker 0] jepsen.util: 0	:ok	:read	[0 1 2 3 4 5 6 7 8 9 10 11 12 13]
2023-06-20 09:19:59,507{GMT}	INFO	[jepsen worker 0] jepsen.util: 0	:invoke	:read	nil
2023-06-20 09:19:59,509{GMT}	INFO	[jepsen worker 0] jepsen.util: 0	:ok	:read	[0 1 2 3 4 5 6 7 8 9 10 11 12 13]
2023-06-20 09:19:59,623{GMT}	INFO	[jepsen worker 0] jepsen.util: 0	:invoke	:broadcast	14
2023-06-20 09:19:59,625{GMT}	INFO	[jepsen worker 0] jepsen.util: 0	:ok	:broadcast	14
2023-06-20 09:19:59,632{GMT}	INFO	[jepsen worker 0] jepsen.util: 0	:invoke	:broadcast	15
2023-06-20 09:19:59,633{GMT}	INFO	[jepsen worker 0] jepsen.util: 0	:ok	:broadcast	15
2023-06-20 09:19:59,778{GMT}	INFO	[jepsen worker 0] jepsen.util: 0	:invoke	:read	nil
2023-06-20 09:19:59,780{GMT}	INFO	[jepsen worker 0] jepsen.util: 0	:ok	:read	[0 1 2 3 4 5 6 7 8 9 10 11 12 13 14 15]
2023-06-20 09:19:59,903{GMT}	INFO	[jepsen worker 0] jepsen.util: 0	:invoke	:read	nil
2023-06-20 09:19:59,905{GMT}	INFO	[jepsen worker 0] jepsen.util: 0	:ok	:read	[0 1 2 3 4 5 6 7 8 9 10 11 12 13 14 15]
2023-06-20 09:20:00,098{GMT}	INFO	[jepsen worker 0] jepsen.util: 0	:invoke	:broadcast	16
2023-06-20 09:20:00,100{GMT}	INFO	[jepsen worker 0] jepsen.util: 0	:ok	:broadcast	16
2023-06-20 09:20:00,216{GMT}	INFO	[jepsen worker 0] jepsen.util: 0	:invoke	:broadcast	17
2023-06-20 09:20:00,218{GMT}	INFO	[jepsen worker 0] jepsen.util: 0	:ok	:broadcast	17
2023-06-20 09:20:00,242{GMT}	INFO	[jepsen worker 0] jepsen.util: 0	:invoke	:broadcast	18
2023-06-20 09:20:00,243{GMT}	INFO	[jepsen worker 0] jepsen.util: 0	:ok	:broadcast	18
2023-06-20 09:20:00,383{GMT}	INFO	[jepsen worker 0] jepsen.util: 0	:invoke	:broadcast	19
2023-06-20 09:20:00,385{GMT}	INFO	[jepsen worker 0] jepsen.util: 0	:ok	:broadcast	19
2023-06-20 09:20:00,453{GMT}	INFO	[jepsen worker 0] jepsen.util: 0	:invoke	:read	nil
2023-06-20 09:20:00,455{GMT}	INFO	[jepsen worker 0] jepsen.util: 0	:ok	:read	[0 1 2 3 4 5 6 7 8 9 10 11 12 13 14 15 16 17 18 19]
2023-06-20 09:20:00,475{GMT}	INFO	[jepsen worker 0] jepsen.util: 0	:invoke	:broadcast	20
2023-06-20 09:20:00,476{GMT}	INFO	[jepsen worker 0] jepsen.util: 0	:ok	:broadcast	20
2023-06-20 09:20:00,648{GMT}	INFO	[jepsen worker 0] jepsen.util: 0	:invoke	:read	nil
2023-06-20 09:20:00,650{GMT}	INFO	[jepsen worker 0] jepsen.util: 0	:ok	:read	[0 1 2 3 4 5 6 7 8 9 10 11 12 13 14 15 16 17 18 19 20]
2023-06-20 09:20:00,685{GMT}	INFO	[jepsen worker 0] jepsen.util: 0	:invoke	:read	nil
2023-06-20 09:20:00,687{GMT}	INFO	[jepsen worker 0] jepsen.util: 0	:ok	:read	[0 1 2 3 4 5 6 7 8 9 10 11 12 13 14 15 16 17 18 19 20]
2023-06-20 09:20:00,811{GMT}	INFO	[jepsen worker 0] jepsen.util: 0	:invoke	:read	nil
2023-06-20 09:20:00,813{GMT}	INFO	[jepsen worker 0] jepsen.util: 0	:ok	:read	[0 1 2 3 4 5 6 7 8 9 10 11 12 13 14 15 16 17 18 19 20]
2023-06-20 09:20:00,925{GMT}	INFO	[jepsen worker 0] jepsen.util: 0	:invoke	:broadcast	21
2023-06-20 09:20:00,926{GMT}	INFO	[jepsen worker 0] jepsen.util: 0	:ok	:broadcast	21
2023-06-20 09:20:00,981{GMT}	INFO	[jepsen worker 0] jepsen.util: 0	:invoke	:read	nil
2023-06-20 09:20:00,983{GMT}	INFO	[jepsen worker 0] jepsen.util: 0	:ok	:read	[0 1 2 3 4 5 6 7 8 9 10 11 12 13 14 15 16 17 18 19 20 21]
2023-06-20 09:20:01,142{GMT}	INFO	[jepsen worker 0] jepsen.util: 0	:invoke	:broadcast	22
2023-06-20 09:20:01,144{GMT}	INFO	[jepsen worker 0] jepsen.util: 0	:ok	:broadcast	22
2023-06-20 09:20:01,144{GMT}	INFO	[jepsen worker 0] jepsen.util: 0	:invoke	:broadcast	23
2023-06-20 09:20:01,144{GMT}	INFO	[jepsen worker 0] jepsen.util: 0	:ok	:broadcast	23
2023-06-20 09:20:01,166{GMT}	INFO	[jepsen worker 0] jepsen.util: 0	:invoke	:broadcast	24
2023-06-20 09:20:01,167{GMT}	INFO	[jepsen worker 0] jepsen.util: 0	:ok	:broadcast	24
2023-06-20 09:20:01,293{GMT}	INFO	[jepsen worker 0] jepsen.util: 0	:invoke	:read	nil
2023-06-20 09:20:01,295{GMT}	INFO	[jepsen worker 0] jepsen.util: 0	:ok	:read	[0 1 2 3 4 5 6 7 8 9 10 11 12 13 14 15 16 17 18 19 20 21 22 23 24]
2023-06-20 09:20:01,405{GMT}	INFO	[jepsen worker 0] jepsen.util: 0	:invoke	:broadcast	25
2023-06-20 09:20:01,407{GMT}	INFO	[jepsen worker 0] jepsen.util: 0	:ok	:broadcast	25
2023-06-20 09:20:01,495{GMT}	INFO	[jepsen worker 0] jepsen.util: 0	:invoke	:broadcast	26
2023-06-20 09:20:01,497{GMT}	INFO	[jepsen worker 0] jepsen.util: 0	:ok	:broadcast	26
2023-06-20 09:20:01,552{GMT}	INFO	[jepsen worker 0] jepsen.util: 0	:invoke	:read	nil
2023-06-20 09:20:01,554{GMT}	INFO	[jepsen worker 0] jepsen.util: 0	:ok	:read	[0 1 2 3 4 5 6 7 8 9 10 11 12 13 14 15 16 17 18 19 20 21 22 23 24 25 26]
2023-06-20 09:20:01,655{GMT}	INFO	[jepsen worker 0] jepsen.util: 0	:invoke	:read	nil
2023-06-20 09:20:01,656{GMT}	INFO	[jepsen worker 0] jepsen.util: 0	:ok	:read	[0 1 2 3 4 5 6 7 8 9 10 11 12 13 14 15 16 17 18 19 20 21 22 23 24 25 26]
2023-06-20 09:20:01,735{GMT}	INFO	[jepsen worker 0] jepsen.util: 0	:invoke	:read	nil
2023-06-20 09:20:01,737{GMT}	INFO	[jepsen worker 0] jepsen.util: 0	:ok	:read	[0 1 2 3 4 5 6 7 8 9 10 11 12 13 14 15 16 17 18 19 20 21 22 23 24 25 26]
2023-06-20 09:20:01,927{GMT}	INFO	[jepsen worker 0] jepsen.util: 0	:invoke	:broadcast	27
2023-06-20 09:20:01,929{GMT}	INFO	[jepsen worker 0] jepsen.util: 0	:ok	:broadcast	27
2023-06-20 09:20:02,063{GMT}	INFO	[jepsen worker 0] jepsen.util: 0	:invoke	:broadcast	28
2023-06-20 09:20:02,064{GMT}	INFO	[jepsen worker 0] jepsen.util: 0	:ok	:broadcast	28
2023-06-20 09:20:02,155{GMT}	INFO	[jepsen worker 0] jepsen.util: 0	:invoke	:broadcast	29
2023-06-20 09:20:02,156{GMT}	INFO	[jepsen worker 0] jepsen.util: 0	:ok	:broadcast	29
2023-06-20 09:20:02,233{GMT}	INFO	[jepsen worker 0] jepsen.util: 0	:invoke	:read	nil
2023-06-20 09:20:02,235{GMT}	INFO	[jepsen worker 0] jepsen.util: 0	:ok	:read	[0 1 2 3 4 5 6 7 8 9 10 11 12 13 14 15 16 17 18 19 20 21 22 23 24 25 26 27 28 29]
2023-06-20 09:20:02,235{GMT}	INFO	[jepsen worker 0] jepsen.util: 0	:invoke	:broadcast	30
2023-06-20 09:20:02,235{GMT}	INFO	[jepsen worker 0] jepsen.util: 0	:ok	:broadcast	30
2023-06-20 09:20:02,384{GMT}	INFO	[jepsen worker 0] jepsen.util: 0	:invoke	:broadcast	31
2023-06-20 09:20:02,385{GMT}	INFO	[jepsen worker 0] jepsen.util: 0	:ok	:broadcast	31
2023-06-20 09:20:02,502{GMT}	INFO	[jepsen worker 0] jepsen.util: 0	:invoke	:broadcast	32
2023-06-20 09:20:02,503{GMT}	INFO	[jepsen worker 0] jepsen.util: 0	:ok	:broadcast	32
2023-06-20 09:20:02,701{GMT}	INFO	[jepsen worker 0] jepsen.util: 0	:invoke	:broadcast	33
2023-06-20 09:20:02,703{GMT}	INFO	[jepsen worker 0] jepsen.util: 0	:ok	:broadcast	33
2023-06-20 09:20:02,748{GMT}	INFO	[jepsen worker 0] jepsen.util: 0	:invoke	:broadcast	34
2023-06-20 09:20:02,750{GMT}	INFO	[jepsen worker 0] jepsen.util: 0	:ok	:broadcast	34
2023-06-20 09:20:02,835{GMT}	INFO	[jepsen worker 0] jepsen.util: 0	:invoke	:broadcast	35
2023-06-20 09:20:02,836{GMT}	INFO	[jepsen worker 0] jepsen.util: 0	:ok	:broadcast	35
2023-06-20 09:20:02,914{GMT}	INFO	[jepsen worker 0] jepsen.util: 0	:invoke	:broadcast	36
2023-06-20 09:20:02,916{GMT}	INFO	[jepsen worker 0] jepsen.util: 0	:ok	:broadcast	36
2023-06-20 09:20:02,960{GMT}	INFO	[jepsen worker 0] jepsen.util: 0	:invoke	:broadcast	37
2023-06-20 09:20:02,962{GMT}	INFO	[jepsen worker 0] jepsen.util: 0	:ok	:broadcast	37
2023-06-20 09:20:03,010{GMT}	INFO	[jepsen worker 0] jepsen.util: 0	:invoke	:broadcast	38
2023-06-20 09:20:03,011{GMT}	INFO	[jepsen worker 0] jepsen.util: 0	:ok	:broadcast	38
2023-06-20 09:20:03,102{GMT}	INFO	[jepsen worker 0] jepsen.util: 0	:invoke	:broadcast	39
2023-06-20 09:20:03,103{GMT}	INFO	[jepsen worker 0] jepsen.util: 0	:ok	:broadcast	39
2023-06-20 09:20:03,299{GMT}	INFO	[jepsen worker 0] jepsen.util: 0	:invoke	:read	nil
2023-06-20 09:20:03,301{GMT}	INFO	[jepsen worker 0] jepsen.util: 0	:ok	:read	[0 1 2 3 4 5 6 7 8 9 10 11 12 13 14 15 16 17 18 19 20 21 22 23 24 25 26 27 28 29 30 31 32 33 34 35 36 37 38 39]
2023-06-20 09:20:03,314{GMT}	INFO	[jepsen worker 0] jepsen.util: 0	:invoke	:broadcast	40
2023-06-20 09:20:03,315{GMT}	INFO	[jepsen worker 0] jepsen.util: 0	:ok	:broadcast	40
2023-06-20 09:20:03,449{GMT}	INFO	[jepsen worker 0] jepsen.util: 0	:invoke	:read	nil
2023-06-20 09:20:03,451{GMT}	INFO	[jepsen worker 0] jepsen.util: 0	:ok	:read	[0 1 2 3 4 5 6 7 8 9 10 11 12 13 14 15 16 17 18 19 20 21 22 23 24 25 26 27 28 29 30 31 32 33 34 35 36 37 38 39 40]
2023-06-20 09:20:03,606{GMT}	INFO	[jepsen worker 0] jepsen.util: 0	:invoke	:broadcast	41
2023-06-20 09:20:03,608{GMT}	INFO	[jepsen worker 0] jepsen.util: 0	:ok	:broadcast	41
2023-06-20 09:20:03,772{GMT}	INFO	[jepsen worker 0] jepsen.util: 0	:invoke	:read	nil
2023-06-20 09:20:03,773{GMT}	INFO	[jepsen worker 0] jepsen.util: 0	:ok	:read	[0 1 2 3 4 5 6 7 8 9 10 11 12 13 14 15 16 17 18 19 20 21 22 23 24 25 26 27 28 29 30 31 32 33 34 35 36 37 38 39 40 41]
2023-06-20 09:20:03,968{GMT}	INFO	[jepsen worker 0] jepsen.util: 0	:invoke	:broadcast	42
2023-06-20 09:20:03,970{GMT}	INFO	[jepsen worker 0] jepsen.util: 0	:ok	:broadcast	42
2023-06-20 09:20:04,010{GMT}	INFO	[jepsen worker 0] jepsen.util: 0	:invoke	:read	nil
2023-06-20 09:20:04,012{GMT}	INFO	[jepsen worker 0] jepsen.util: 0	:ok	:read	[0 1 2 3 4 5 6 7 8 9 10 11 12 13 14 15 16 17 18 19 20 21 22 23 24 25 26 27 28 29 30 31 32 33 34 35 36 37 38 39 40 41 42]
2023-06-20 09:20:04,044{GMT}	INFO	[jepsen worker 0] jepsen.util: 0	:invoke	:broadcast	43
2023-06-20 09:20:04,045{GMT}	INFO	[jepsen worker 0] jepsen.util: 0	:ok	:broadcast	43
2023-06-20 09:20:04,152{GMT}	INFO	[jepsen worker 0] jepsen.util: 0	:invoke	:read	nil
2023-06-20 09:20:04,154{GMT}	INFO	[jepsen worker 0] jepsen.util: 0	:ok	:read	[0 1 2 3 4 5 6 7 8 9 10 11 12 13 14 15 16 17 18 19 20 21 22 23 24 25 26 27 28 29 30 31 32 33 34 35 36 37 38 39 40 41 42 43]
2023-06-20 09:20:04,228{GMT}	INFO	[jepsen worker 0] jepsen.util: 0	:invoke	:read	nil
2023-06-20 09:20:04,230{GMT}	INFO	[jepsen worker 0] jepsen.util: 0	:ok	:read	[0 1 2 3 4 5 6 7 8 9 10 11 12 13 14 15 16 17 18 19 20 21 22 23 24 25 26 27 28 29 30 31 32 33 34 35 36 37 38 39 40 41 42 43]
2023-06-20 09:20:04,294{GMT}	INFO	[jepsen worker 0] jepsen.util: 0	:invoke	:broadcast	44
2023-06-20 09:20:04,295{GMT}	INFO	[jepsen worker 0] jepsen.util: 0	:ok	:broadcast	44
2023-06-20 09:20:04,344{GMT}	INFO	[jepsen worker 0] jepsen.util: 0	:invoke	:broadcast	45
2023-06-20 09:20:04,345{GMT}	INFO	[jepsen worker 0] jepsen.util: 0	:ok	:broadcast	45
2023-06-20 09:20:04,473{GMT}	INFO	[jepsen worker 0] jepsen.util: 0	:invoke	:read	nil
2023-06-20 09:20:04,475{GMT}	INFO	[jepsen worker 0] jepsen.util: 0	:ok	:read	[0 1 2 3 4 5 6 7 8 9 10 11 12 13 14 15 16 17 18 19 20 21 22 23 24 25 26 27 28 29 30 31 32 33 34 35 36 37 38 39 40 41 42 43 44 45]
2023-06-20 09:20:04,656{GMT}	INFO	[jepsen worker 0] jepsen.util: 0	:invoke	:read	nil
2023-06-20 09:20:04,658{GMT}	INFO	[jepsen worker 0] jepsen.util: 0	:ok	:read	[0 1 2 3 4 5 6 7 8 9 10 11 12 13 14 15 16 17 18 19 20 21 22 23 24 25 26 27 28 29 30 31 32 33 34 35 36 37 38 39 40 41 42 43 44 45]
2023-06-20 09:20:04,788{GMT}	INFO	[jepsen worker 0] jepsen.util: 0	:invoke	:read	nil
2023-06-20 09:20:04,790{GMT}	INFO	[jepsen worker 0] jepsen.util: 0	:ok	:read	[0 1 2 3 4 5 6 7 8 9 10 11 12 13 14 15 16 17 18 19 20 21 22 23 24 25 26 27 28 29 30 31 32 33 34 35 36 37 38 39 40 41 42 43 44 45]
2023-06-20 09:20:04,808{GMT}	INFO	[jepsen worker 0] jepsen.util: 0	:invoke	:read	nil
2023-06-20 09:20:04,810{GMT}	INFO	[jepsen worker 0] jepsen.util: 0	:ok	:read	[0 1 2 3 4 5 6 7 8 9 10 11 12 13 14 15 16 17 18 19 20 21 22 23 24 25 26 27 28 29 30 31 32 33 34 35 36 37 38 39 40 41 42 43 44 45]
2023-06-20 09:20:04,822{GMT}	INFO	[jepsen worker 0] jepsen.util: 0	:invoke	:read	nil
2023-06-20 09:20:04,823{GMT}	INFO	[jepsen worker 0] jepsen.util: 0	:ok	:read	[0 1 2 3 4 5 6 7 8 9 10 11 12 13 14 15 16 17 18 19 20 21 22 23 24 25 26 27 28 29 30 31 32 33 34 35 36 37 38 39 40 41 42 43 44 45]
2023-06-20 09:20:04,864{GMT}	INFO	[jepsen worker 0] jepsen.util: 0	:invoke	:read	nil
2023-06-20 09:20:04,866{GMT}	INFO	[jepsen worker 0] jepsen.util: 0	:ok	:read	[0 1 2 3 4 5 6 7 8 9 10 11 12 13 14 15 16 17 18 19 20 21 22 23 24 25 26 27 28 29 30 31 32 33 34 35 36 37 38 39 40 41 42 43 44 45]
2023-06-20 09:20:04,892{GMT}	INFO	[jepsen worker 0] jepsen.util: 0	:invoke	:read	nil
2023-06-20 09:20:04,893{GMT}	INFO	[jepsen worker 0] jepsen.util: 0	:ok	:read	[0 1 2 3 4 5 6 7 8 9 10 11 12 13 14 15 16 17 18 19 20 21 22 23 24 25 26 27 28 29 30 31 32 33 34 35 36 37 38 39 40 41 42 43 44 45]
2023-06-20 09:20:04,976{GMT}	INFO	[jepsen worker 0] jepsen.util: 0	:invoke	:broadcast	46
2023-06-20 09:20:04,977{GMT}	INFO	[jepsen worker 0] jepsen.util: 0	:ok	:broadcast	46
2023-06-20 09:20:05,085{GMT}	INFO	[jepsen worker 0] jepsen.util: 0	:invoke	:broadcast	47
2023-06-20 09:20:05,086{GMT}	INFO	[jepsen worker 0] jepsen.util: 0	:ok	:broadcast	47
2023-06-20 09:20:05,107{GMT}	INFO	[jepsen worker 0] jepsen.util: 0	:invoke	:broadcast	48
2023-06-20 09:20:05,108{GMT}	INFO	[jepsen worker 0] jepsen.util: 0	:ok	:broadcast	48
2023-06-20 09:20:05,178{GMT}	INFO	[jepsen worker 0] jepsen.util: 0	:invoke	:read	nil
2023-06-20 09:20:05,179{GMT}	INFO	[jepsen worker 0] jepsen.util: 0	:ok	:read	[0 1 2 3 4 5 6 7 8 9 10 11 12 13 14 15 16 17 18 19 20 21 22 23 24 25 26 27 28 29 30 31 32 33 34 35 36 37 38 39 40 41 42 43 44 45 46 47 48]
2023-06-20 09:20:05,350{GMT}	INFO	[jepsen worker 0] jepsen.util: 0	:invoke	:broadcast	49
2023-06-20 09:20:05,351{GMT}	INFO	[jepsen worker 0] jepsen.util: 0	:ok	:broadcast	49
2023-06-20 09:20:05,421{GMT}	INFO	[jepsen worker 0] jepsen.util: 0	:invoke	:broadcast	50
2023-06-20 09:20:05,423{GMT}	INFO	[jepsen worker 0] jepsen.util: 0	:ok	:broadcast	50
2023-06-20 09:20:05,510{GMT}	INFO	[jepsen worker 0] jepsen.util: 0	:invoke	:read	nil
2023-06-20 09:20:05,511{GMT}	INFO	[jepsen worker 0] jepsen.util: 0	:ok	:read	[0 1 2 3 4 5 6 7 8 9 10 11 12 13 14 15 16 17 18 19 20 21 22 23 24 25 26 27 28 29 30 31 32 33 34 35 36 37 38 39 40 41 42 43 44 45 46 47 48 49 50]
2023-06-20 09:20:05,708{GMT}	INFO	[jepsen worker 0] jepsen.util: 0	:invoke	:read	nil
2023-06-20 09:20:05,709{GMT}	INFO	[jepsen worker 0] jepsen.util: 0	:ok	:read	[0 1 2 3 4 5 6 7 8 9 10 11 12 13 14 15 16 17 18 19 20 21 22 23 24 25 26 27 28 29 30 31 32 33 34 35 36 37 38 39 40 41 42 43 44 45 46 47 48 49 50]
2023-06-20 09:20:05,820{GMT}	INFO	[jepsen worker 0] jepsen.util: 0	:invoke	:read	nil
2023-06-20 09:20:05,822{GMT}	INFO	[jepsen worker 0] jepsen.util: 0	:ok	:read	[0 1 2 3 4 5 6 7 8 9 10 11 12 13 14 15 16 17 18 19 20 21 22 23 24 25 26 27 28 29 30 31 32 33 34 35 36 37 38 39 40 41 42 43 44 45 46 47 48 49 50]
2023-06-20 09:20:05,851{GMT}	INFO	[jepsen worker 0] jepsen.util: 0	:invoke	:read	nil
2023-06-20 09:20:05,853{GMT}	INFO	[jepsen worker 0] jepsen.util: 0	:ok	:read	[0 1 2 3 4 5 6 7 8 9 10 11 12 13 14 15 16 17 18 19 20 21 22 23 24 25 26 27 28 29 30 31 32 33 34 35 36 37 38 39 40 41 42 43 44 45 46 47 48 49 50]
2023-06-20 09:20:06,050{GMT}	INFO	[jepsen worker 0] jepsen.util: 0	:invoke	:read	nil
2023-06-20 09:20:06,052{GMT}	INFO	[jepsen worker 0] jepsen.util: 0	:ok	:read	[0 1 2 3 4 5 6 7 8 9 10 11 12 13 14 15 16 17 18 19 20 21 22 23 24 25 26 27 28 29 30 31 32 33 34 35 36 37 38 39 40 41 42 43 44 45 46 47 48 49 50]
2023-06-20 09:20:06,114{GMT}	INFO	[jepsen worker 0] jepsen.util: 0	:invoke	:read	nil
2023-06-20 09:20:06,115{GMT}	INFO	[jepsen worker 0] jepsen.util: 0	:ok	:read	[0 1 2 3 4 5 6 7 8 9 10 11 12 13 14 15 16 17 18 19 20 21 22 23 24 25 26 27 28 29 30 31 32 33 34 35 36 37 38 39 40 41 42 43 44 45 46 47 48 49 50]
2023-06-20 09:20:06,164{GMT}	INFO	[jepsen worker 0] jepsen.util: 0	:invoke	:broadcast	51
2023-06-20 09:20:06,166{GMT}	INFO	[jepsen worker 0] jepsen.util: 0	:ok	:broadcast	51
2023-06-20 09:20:06,307{GMT}	INFO	[jepsen worker 0] jepsen.util: 0	:invoke	:broadcast	52
2023-06-20 09:20:06,308{GMT}	INFO	[jepsen worker 0] jepsen.util: 0	:ok	:broadcast	52
2023-06-20 09:20:06,404{GMT}	INFO	[jepsen worker 0] jepsen.util: 0	:invoke	:broadcast	53
2023-06-20 09:20:06,405{GMT}	INFO	[jepsen worker 0] jepsen.util: 0	:ok	:broadcast	53
2023-06-20 09:20:06,579{GMT}	INFO	[jepsen worker 0] jepsen.util: 0	:invoke	:broadcast	54
2023-06-20 09:20:06,580{GMT}	INFO	[jepsen worker 0] jepsen.util: 0	:ok	:broadcast	54
2023-06-20 09:20:06,764{GMT}	INFO	[jepsen worker 0] jepsen.util: 0	:invoke	:read	nil
2023-06-20 09:20:06,765{GMT}	INFO	[jepsen worker 0] jepsen.util: 0	:ok	:read	[0 1 2 3 4 5 6 7 8 9 10 11 12 13 14 15 16 17 18 19 20 21 22 23 24 25 26 27 28 29 30 31 32 33 34 35 36 37 38 39 40 41 42 43 44 45 46 47 48 49 50 51 52 53 54]
2023-06-20 09:20:06,952{GMT}	INFO	[jepsen worker 0] jepsen.util: 0	:invoke	:read	nil
2023-06-20 09:20:06,953{GMT}	INFO	[jepsen worker 0] jepsen.util: 0	:ok	:read	[0 1 2 3 4 5 6 7 8 9 10 11 12 13 14 15 16 17 18 19 20 21 22 23 24 25 26 27 28 29 30 31 32 33 34 35 36 37 38 39 40 41 42 43 44 45 46 47 48 49 50 51 52 53 54]
2023-06-20 09:20:07,110{GMT}	INFO	[jepsen worker 0] jepsen.util: 0	:invoke	:broadcast	55
2023-06-20 09:20:07,111{GMT}	INFO	[jepsen worker 0] jepsen.util: 0	:ok	:broadcast	55
2023-06-20 09:20:07,160{GMT}	INFO	[jepsen worker 0] jepsen.util: 0	:invoke	:read	nil
2023-06-20 09:20:07,161{GMT}	INFO	[jepsen worker 0] jepsen.util: 0	:ok	:read	[0 1 2 3 4 5 6 7 8 9 10 11 12 13 14 15 16 17 18 19 20 21 22 23 24 25 26 27 28 29 30 31 32 33 34 35 36 37 38 39 40 41 42 43 44 45 46 47 48 49 50 51 52 53 54 55]
2023-06-20 09:20:07,177{GMT}	INFO	[jepsen worker 0] jepsen.util: 0	:invoke	:read	nil
2023-06-20 09:20:07,178{GMT}	INFO	[jepsen worker 0] jepsen.util: 0	:ok	:read	[0 1 2 3 4 5 6 7 8 9 10 11 12 13 14 15 16 17 18 19 20 21 22 23 24 25 26 27 28 29 30 31 32 33 34 35 36 37 38 39 40 41 42 43 44 45 46 47 48 49 50 51 52 53 54 55]
2023-06-20 09:20:07,217{GMT}	INFO	[jepsen worker 0] jepsen.util: 0	:invoke	:broadcast	56
2023-06-20 09:20:07,219{GMT}	INFO	[jepsen worker 0] jepsen.util: 0	:ok	:broadcast	56
2023-06-20 09:20:07,280{GMT}	INFO	[jepsen worker 0] jepsen.util: 0	:invoke	:read	nil
2023-06-20 09:20:07,281{GMT}	INFO	[jepsen worker 0] jepsen.util: 0	:ok	:read	[0 1 2 3 4 5 6 7 8 9 10 11 12 13 14 15 16 17 18 19 20 21 22 23 24 25 26 27 28 29 30 31 32 33 34 35 36 37 38 39 40 41 42 43 44 45 46 47 48 49 50 51 52 53 54 55 56]
2023-06-20 09:20:07,442{GMT}	INFO	[jepsen worker 0] jepsen.util: 0	:invoke	:read	nil
2023-06-20 09:20:07,443{GMT}	INFO	[jepsen worker 0] jepsen.util: 0	:ok	:read	[0 1 2 3 4 5 6 7 8 9 10 11 12 13 14 15 16 17 18 19 20 21 22 23 24 25 26 27 28 29 30 31 32 33 34 35 36 37 38 39 40 41 42 43 44 45 46 47 48 49 50 51 52 53 54 55 56]
2023-06-20 09:20:07,634{GMT}	INFO	[jepsen worker 0] jepsen.util: 0	:invoke	:read	nil
2023-06-20 09:20:07,636{GMT}	INFO	[jepsen worker 0] jepsen.util: 0	:ok	:read	[0 1 2 3 4 5 6 7 8 9 10 11 12 13 14 15 16 17 18 19 20 21 22 23 24 25 26 27 28 29 30 31 32 33 34 35 36 37 38 39 40 41 42 43 44 45 46 47 48 49 50 51 52 53 54 55 56]
2023-06-20 09:20:07,740{GMT}	INFO	[jepsen worker 0] jepsen.util: 0	:invoke	:read	nil
2023-06-20 09:20:07,742{GMT}	INFO	[jepsen worker 0] jepsen.util: 0	:ok	:read	[0 1 2 3 4 5 6 7 8 9 10 11 12 13 14 15 16 17 18 19 20 21 22 23 24 25 26 27 28 29 30 31 32 33 34 35 36 37 38 39 40 41 42 43 44 45 46 47 48 49 50 51 52 53 54 55 56]
2023-06-20 09:20:07,811{GMT}	INFO	[jepsen worker 0] jepsen.util: 0	:invoke	:read	nil
2023-06-20 09:20:07,813{GMT}	INFO	[jepsen worker 0] jepsen.util: 0	:ok	:read	[0 1 2 3 4 5 6 7 8 9 10 11 12 13 14 15 16 17 18 19 20 21 22 23 24 25 26 27 28 29 30 31 32 33 34 35 36 37 38 39 40 41 42 43 44 45 46 47 48 49 50 51 52 53 54 55 56]
2023-06-20 09:20:07,953{GMT}	INFO	[jepsen worker 0] jepsen.util: 0	:invoke	:broadcast	57
2023-06-20 09:20:07,954{GMT}	INFO	[jepsen worker 0] jepsen.util: 0	:ok	:broadcast	57
2023-06-20 09:20:08,007{GMT}	INFO	[jepsen worker 0] jepsen.util: 0	:invoke	:broadcast	58
2023-06-20 09:20:08,009{GMT}	INFO	[jepsen worker 0] jepsen.util: 0	:ok	:broadcast	58
2023-06-20 09:20:08,024{GMT}	INFO	[jepsen worker 0] jepsen.util: 0	:invoke	:broadcast	59
2023-06-20 09:20:08,025{GMT}	INFO	[jepsen worker 0] jepsen.util: 0	:ok	:broadcast	59
2023-06-20 09:20:08,209{GMT}	INFO	[jepsen worker 0] jepsen.util: 0	:invoke	:read	nil
2023-06-20 09:20:08,211{GMT}	INFO	[jepsen worker 0] jepsen.util: 0	:ok	:read	[0 1 2 3 4 5 6 7 8 9 10 11 12 13 14 15 16 17 18 19 20 21 22 23 24 25 26 27 28 29 30 31 32 33 34 35 36 37 38 39 40 41 42 43 44 45 46 47 48 49 50 51 52 53 54 55 56 57 58 59]
2023-06-20 09:20:08,379{GMT}	INFO	[jepsen worker 0] jepsen.util: 0	:invoke	:broadcast	60
2023-06-20 09:20:08,381{GMT}	INFO	[jepsen worker 0] jepsen.util: 0	:ok	:broadcast	60
2023-06-20 09:20:08,543{GMT}	INFO	[jepsen worker 0] jepsen.util: 0	:invoke	:broadcast	61
2023-06-20 09:20:08,545{GMT}	INFO	[jepsen worker 0] jepsen.util: 0	:ok	:broadcast	61
2023-06-20 09:20:08,710{GMT}	INFO	[jepsen worker 0] jepsen.util: 0	:invoke	:broadcast	62
2023-06-20 09:20:08,711{GMT}	INFO	[jepsen worker 0] jepsen.util: 0	:ok	:broadcast	62
2023-06-20 09:20:08,878{GMT}	INFO	[jepsen worker 0] jepsen.util: 0	:invoke	:broadcast	63
2023-06-20 09:20:08,879{GMT}	INFO	[jepsen worker 0] jepsen.util: 0	:ok	:broadcast	63
2023-06-20 09:20:08,934{GMT}	INFO	[jepsen worker 0] jepsen.util: 0	:invoke	:broadcast	64
2023-06-20 09:20:08,936{GMT}	INFO	[jepsen worker 0] jepsen.util: 0	:ok	:broadcast	64
2023-06-20 09:20:08,990{GMT}	INFO	[jepsen worker 0] jepsen.util: 0	:invoke	:read	nil
2023-06-20 09:20:08,992{GMT}	INFO	[jepsen worker 0] jepsen.util: 0	:ok	:read	[0 1 2 3 4 5 6 7 8 9 10 11 12 13 14 15 16 17 18 19 20 21 22 23 24 25 26 27 28 29 30 31 32 33 34 35 36 37 38 39 40 41 42 43 44 45 46 47 48 49 50 51 52 53 54 55 56 57 58 59 60 61 62 63 64]
2023-06-20 09:20:09,115{GMT}	INFO	[jepsen worker 0] jepsen.util: 0	:invoke	:broadcast	65
2023-06-20 09:20:09,116{GMT}	INFO	[jepsen worker 0] jepsen.util: 0	:ok	:broadcast	65
2023-06-20 09:20:09,139{GMT}	INFO	[jepsen worker 0] jepsen.util: 0	:invoke	:read	nil
2023-06-20 09:20:09,141{GMT}	INFO	[jepsen worker 0] jepsen.util: 0	:ok	:read	[0 1 2 3 4 5 6 7 8 9 10 11 12 13 14 15 16 17 18 19 20 21 22 23 24 25 26 27 28 29 30 31 32 33 34 35 36 37 38 39 40 41 42 43 44 45 46 47 48 49 50 51 52 53 54 55 56 57 58 59 60 61 62 63 64 65]
2023-06-20 09:20:09,331{GMT}	INFO	[jepsen worker 0] jepsen.util: 0	:invoke	:read	nil
2023-06-20 09:20:09,333{GMT}	INFO	[jepsen worker 0] jepsen.util: 0	:ok	:read	[0 1 2 3 4 5 6 7 8 9 10 11 12 13 14 15 16 17 18 19 20 21 22 23 24 25 26 27 28 29 30 31 32 33 34 35 36 37 38 39 40 41 42 43 44 45 46 47 48 49 50 51 52 53 54 55 56 57 58 59 60 61 62 63 64 65]
2023-06-20 09:20:09,371{GMT}	INFO	[jepsen worker 0] jepsen.util: 0	:invoke	:read	nil
2023-06-20 09:20:09,372{GMT}	INFO	[jepsen worker 0] jepsen.util: 0	:ok	:read	[0 1 2 3 4 5 6 7 8 9 10 11 12 13 14 15 16 17 18 19 20 21 22 23 24 25 26 27 28 29 30 31 32 33 34 35 36 37 38 39 40 41 42 43 44 45 46 47 48 49 50 51 52 53 54 55 56 57 58 59 60 61 62 63 64 65]
2023-06-20 09:20:09,469{GMT}	INFO	[jepsen worker 0] jepsen.util: 0	:invoke	:broadcast	66
2023-06-20 09:20:09,470{GMT}	INFO	[jepsen worker 0] jepsen.util: 0	:ok	:broadcast	66
2023-06-20 09:20:09,598{GMT}	INFO	[jepsen worker 0] jepsen.util: 0	:invoke	:read	nil
2023-06-20 09:20:09,599{GMT}	INFO	[jepsen worker 0] jepsen.util: 0	:ok	:read	[0 1 2 3 4 5 6 7 8 9 10 11 12 13 14 15 16 17 18 19 20 21 22 23 24 25 26 27 28 29 30 31 32 33 34 35 36 37 38 39 40 41 42 43 44 45 46 47 48 49 50 51 52 53 54 55 56 57 58 59 60 61 62 63 64 65 66]
2023-06-20 09:20:09,727{GMT}	INFO	[jepsen worker 0] jepsen.util: 0	:invoke	:read	nil
2023-06-20 09:20:09,728{GMT}	INFO	[jepsen worker 0] jepsen.util: 0	:ok	:read	[0 1 2 3 4 5 6 7 8 9 10 11 12 13 14 15 16 17 18 19 20 21 22 23 24 25 26 27 28 29 30 31 32 33 34 35 36 37 38 39 40 41 42 43 44 45 46 47 48 49 50 51 52 53 54 55 56 57 58 59 60 61 62 63 64 65 66]
2023-06-20 09:20:09,775{GMT}	INFO	[jepsen worker 0] jepsen.util: 0	:invoke	:read	nil
2023-06-20 09:20:09,776{GMT}	INFO	[jepsen worker 0] jepsen.util: 0	:ok	:read	[0 1 2 3 4 5 6 7 8 9 10 11 12 13 14 15 16 17 18 19 20 21 22 23 24 25 26 27 28 29 30 31 32 33 34 35 36 37 38 39 40 41 42 43 44 45 46 47 48 49 50 51 52 53 54 55 56 57 58 59 60 61 62 63 64 65 66]
2023-06-20 09:20:09,821{GMT}	INFO	[jepsen worker 0] jepsen.util: 0	:invoke	:read	nil
2023-06-20 09:20:09,823{GMT}	INFO	[jepsen worker 0] jepsen.util: 0	:ok	:read	[0 1 2 3 4 5 6 7 8 9 10 11 12 13 14 15 16 17 18 19 20 21 22 23 24 25 26 27 28 29 30 31 32 33 34 35 36 37 38 39 40 41 42 43 44 45 46 47 48 49 50 51 52 53 54 55 56 57 58 59 60 61 62 63 64 65 66]
2023-06-20 09:20:09,824{GMT}	INFO	[jepsen worker 0] jepsen.util: 0	:invoke	:broadcast	67
2023-06-20 09:20:09,825{GMT}	INFO	[jepsen worker 0] jepsen.util: 0	:ok	:broadcast	67
2023-06-20 09:20:09,854{GMT}	INFO	[jepsen worker 0] jepsen.util: 0	:invoke	:broadcast	68
2023-06-20 09:20:09,855{GMT}	INFO	[jepsen worker 0] jepsen.util: 0	:ok	:broadcast	68
2023-06-20 09:20:09,917{GMT}	INFO	[jepsen worker 0] jepsen.util: 0	:invoke	:read	nil
2023-06-20 09:20:09,918{GMT}	INFO	[jepsen worker 0] jepsen.util: 0	:ok	:read	[0 1 2 3 4 5 6 7 8 9 10 11 12 13 14 15 16 17 18 19 20 21 22 23 24 25 26 27 28 29 30 31 32 33 34 35 36 37 38 39 40 41 42 43 44 45 46 47 48 49 50 51 52 53 54 55 56 57 58 59 60 61 62 63 64 65 66 67 68]
2023-06-20 09:20:10,019{GMT}	INFO	[jepsen worker 0] jepsen.util: 0	:invoke	:broadcast	69
2023-06-20 09:20:10,020{GMT}	INFO	[jepsen worker 0] jepsen.util: 0	:ok	:broadcast	69
2023-06-20 09:20:10,158{GMT}	INFO	[jepsen worker 0] jepsen.util: 0	:invoke	:read	nil
2023-06-20 09:20:10,160{GMT}	INFO	[jepsen worker 0] jepsen.util: 0	:ok	:read	[0 1 2 3 4 5 6 7 8 9 10 11 12 13 14 15 16 17 18 19 20 21 22 23 24 25 26 27 28 29 30 31 32 33 34 35 36 37 38 39 40 41 42 43 44 45 46 47 48 49 50 51 52 53 54 55 56 57 58 59 60 61 62 63 64 65 66 67 68 69]
2023-06-20 09:20:10,354{GMT}	INFO	[jepsen worker 0] jepsen.util: 0	:invoke	:read	nil
2023-06-20 09:20:10,355{GMT}	INFO	[jepsen worker 0] jepsen.util: 0	:ok	:read	[0 1 2 3 4 5 6 7 8 9 10 11 12 13 14 15 16 17 18 19 20 21 22 23 24 25 26 27 28 29 30 31 32 33 34 35 36 37 38 39 40 41 42 43 44 45 46 47 48 49 50 51 52 53 54 55 56 57 58 59 60 61 62 63 64 65 66 67 68 69]
2023-06-20 09:20:10,494{GMT}	INFO	[jepsen worker 0] jepsen.util: 0	:invoke	:broadcast	70
2023-06-20 09:20:10,495{GMT}	INFO	[jepsen worker 0] jepsen.util: 0	:ok	:broadcast	70
2023-06-20 09:20:10,565{GMT}	INFO	[jepsen worker 0] jepsen.util: 0	:invoke	:read	nil
2023-06-20 09:20:10,567{GMT}	INFO	[jepsen worker 0] jepsen.util: 0	:ok	:read	[0 1 2 3 4 5 6 7 8 9 10 11 12 13 14 15 16 17 18 19 20 21 22 23 24 25 26 27 28 29 30 31 32 33 34 35 36 37 38 39 40 41 42 43 44 45 46 47 48 49 50 51 52 53 54 55 56 57 58 59 60 61 62 63 64 65 66 67 68 69 70]
2023-06-20 09:20:10,616{GMT}	INFO	[jepsen worker 0] jepsen.util: 0	:invoke	:broadcast	71
2023-06-20 09:20:10,617{GMT}	INFO	[jepsen worker 0] jepsen.util: 0	:ok	:broadcast	71
2023-06-20 09:20:10,715{GMT}	INFO	[jepsen worker 0] jepsen.util: 0	:invoke	:read	nil
2023-06-20 09:20:10,717{GMT}	INFO	[jepsen worker 0] jepsen.util: 0	:ok	:read	[0 1 2 3 4 5 6 7 8 9 10 11 12 13 14 15 16 17 18 19 20 21 22 23 24 25 26 27 28 29 30 31 32 33 34 35 36 37 38 39 40 41 42 43 44 45 46 47 48 49 50 51 52 53 54 55 56 57 58 59 60 61 62 63 64 65 66 67 68 69 70 71]
2023-06-20 09:20:10,802{GMT}	INFO	[jepsen worker 0] jepsen.util: 0	:invoke	:read	nil
2023-06-20 09:20:10,804{GMT}	INFO	[jepsen worker 0] jepsen.util: 0	:ok	:read	[0 1 2 3 4 5 6 7 8 9 10 11 12 13 14 15 16 17 18 19 20 21 22 23 24 25 26 27 28 29 30 31 32 33 34 35 36 37 38 39 40 41 42 43 44 45 46 47 48 49 50 51 52 53 54 55 56 57 58 59 60 61 62 63 64 65 66 67 68 69 70 71]
2023-06-20 09:20:10,902{GMT}	INFO	[jepsen worker 0] jepsen.util: 0	:invoke	:broadcast	72
2023-06-20 09:20:10,903{GMT}	INFO	[jepsen worker 0] jepsen.util: 0	:ok	:broadcast	72
2023-06-20 09:20:10,949{GMT}	INFO	[jepsen worker 0] jepsen.util: 0	:invoke	:broadcast	73
2023-06-20 09:20:10,951{GMT}	INFO	[jepsen worker 0] jepsen.util: 0	:ok	:broadcast	73
2023-06-20 09:20:11,129{GMT}	INFO	[jepsen worker 0] jepsen.util: 0	:invoke	:broadcast	74
2023-06-20 09:20:11,130{GMT}	INFO	[jepsen worker 0] jepsen.util: 0	:ok	:broadcast	74
2023-06-20 09:20:11,295{GMT}	INFO	[jepsen worker 0] jepsen.util: 0	:invoke	:read	nil
2023-06-20 09:20:11,297{GMT}	INFO	[jepsen worker 0] jepsen.util: 0	:ok	:read	[0 1 2 3 4 5 6 7 8 9 10 11 12 13 14 15 16 17 18 19 20 21 22 23 24 25 26 27 28 29 30 31 32 33 34 35 36 37 38 39 40 41 42 43 44 45 46 47 48 49 50 51 52 53 54 55 56 57 58 59 60 61 62 63 64 65 66 67 68 69 70 71 72 73 74]
2023-06-20 09:20:11,429{GMT}	INFO	[jepsen worker 0] jepsen.util: 0	:invoke	:broadcast	75
2023-06-20 09:20:11,430{GMT}	INFO	[jepsen worker 0] jepsen.util: 0	:ok	:broadcast	75
2023-06-20 09:20:11,615{GMT}	INFO	[jepsen worker 0] jepsen.util: 0	:invoke	:broadcast	76
2023-06-20 09:20:11,617{GMT}	INFO	[jepsen worker 0] jepsen.util: 0	:ok	:broadcast	76
2023-06-20 09:20:11,728{GMT}	INFO	[jepsen worker 0] jepsen.util: 0	:invoke	:broadcast	77
2023-06-20 09:20:11,729{GMT}	INFO	[jepsen worker 0] jepsen.util: 0	:ok	:broadcast	77
2023-06-20 09:20:11,861{GMT}	INFO	[jepsen worker 0] jepsen.util: 0	:invoke	:broadcast	78
2023-06-20 09:20:11,863{GMT}	INFO	[jepsen worker 0] jepsen.util: 0	:ok	:broadcast	78
2023-06-20 09:20:11,897{GMT}	INFO	[jepsen worker 0] jepsen.util: 0	:invoke	:read	nil
2023-06-20 09:20:11,898{GMT}	INFO	[jepsen worker 0] jepsen.util: 0	:ok	:read	[0 1 2 3 4 5 6 7 8 9 10 11 12 13 14 15 16 17 18 19 20 21 22 23 24 25 26 27 28 29 30 31 32 33 34 35 36 37 38 39 40 41 42 43 44 45 46 47 48 49 50 51 52 53 54 55 56 57 58 59 60 61 62 63 64 65 66 67 68 69 70 71 72 73 74 75 76 77 78]
2023-06-20 09:20:12,004{GMT}	INFO	[jepsen worker 0] jepsen.util: 0	:invoke	:read	nil
2023-06-20 09:20:12,006{GMT}	INFO	[jepsen worker 0] jepsen.util: 0	:ok	:read	[0 1 2 3 4 5 6 7 8 9 10 11 12 13 14 15 16 17 18 19 20 21 22 23 24 25 26 27 28 29 30 31 32 33 34 35 36 37 38 39 40 41 42 43 44 45 46 47 48 49 50 51 52 53 54 55 56 57 58 59 60 61 62 63 64 65 66 67 68 69 70 71 72 73 74 75 76 77 78]
2023-06-20 09:20:12,080{GMT}	INFO	[jepsen worker 0] jepsen.util: 0	:invoke	:broadcast	79
2023-06-20 09:20:12,082{GMT}	INFO	[jepsen worker 0] jepsen.util: 0	:ok	:broadcast	79
2023-06-20 09:20:12,263{GMT}	INFO	[jepsen worker 0] jepsen.util: 0	:invoke	:read	nil
2023-06-20 09:20:12,264{GMT}	INFO	[jepsen worker 0] jepsen.util: 0	:ok	:read	[0 1 2 3 4 5 6 7 8 9 10 11 12 13 14 15 16 17 18 19 20 21 22 23 24 25 26 27 28 29 30 31 32 33 34 35 36 37 38 39 40 41 42 43 44 45 46 47 48 49 50 51 52 53 54 55 56 57 58 59 60 61 62 63 64 65 66 67 68 69 70 71 72 73 74 75 76 77 78 79]
2023-06-20 09:20:12,363{GMT}	INFO	[jepsen worker 0] jepsen.util: 0	:invoke	:read	nil
2023-06-20 09:20:12,365{GMT}	INFO	[jepsen worker 0] jepsen.util: 0	:ok	:read	[0 1 2 3 4 5 6 7 8 9 10 11 12 13 14 15 16 17 18 19 20 21 22 23 24 25 26 27 28 29 30 31 32 33 34 35 36 37 38 39 40 41 42 43 44 45 46 47 48 49 50 51 52 53 54 55 56 57 58 59 60 61 62 63 64 65 66 67 68 69 70 71 72 73 74 75 76 77 78 79]
2023-06-20 09:20:12,476{GMT}	INFO	[jepsen worker 0] jepsen.util: 0	:invoke	:read	nil
2023-06-20 09:20:12,477{GMT}	INFO	[jepsen worker 0] jepsen.util: 0	:ok	:read	[0 1 2 3 4 5 6 7 8 9 10 11 12 13 14 15 16 17 18 19 20 21 22 23 24 25 26 27 28 29 30 31 32 33 34 35 36 37 38 39 40 41 42 43 44 45 46 47 48 49 50 51 52 53 54 55 56 57 58 59 60 61 62 63 64 65 66 67 68 69 70 71 72 73 74 75 76 77 78 79]
2023-06-20 09:20:12,649{GMT}	INFO	[jepsen worker 0] jepsen.util: 0	:invoke	:broadcast	80
2023-06-20 09:20:12,650{GMT}	INFO	[jepsen worker 0] jepsen.util: 0	:ok	:broadcast	80
2023-06-20 09:20:12,803{GMT}	INFO	[jepsen worker 0] jepsen.util: 0	:invoke	:broadcast	81
2023-06-20 09:20:12,804{GMT}	INFO	[jepsen worker 0] jepsen.util: 0	:ok	:broadcast	81
2023-06-20 09:20:12,819{GMT}	INFO	[jepsen worker 0] jepsen.util: 0	:invoke	:broadcast	82
2023-06-20 09:20:12,820{GMT}	INFO	[jepsen worker 0] jepsen.util: 0	:ok	:broadcast	82
2023-06-20 09:20:12,910{GMT}	INFO	[jepsen worker 0] jepsen.util: 0	:invoke	:broadcast	83
2023-06-20 09:20:12,911{GMT}	INFO	[jepsen worker 0] jepsen.util: 0	:ok	:broadcast	83
2023-06-20 09:20:13,039{GMT}	INFO	[jepsen worker 0] jepsen.util: 0	:invoke	:read	nil
2023-06-20 09:20:13,040{GMT}	INFO	[jepsen worker 0] jepsen.util: 0	:ok	:read	[0 1 2 3 4 5 6 7 8 9 10 11 12 13 14 15 16 17 18 19 20 21 22 23 24 25 26 27 28 29 30 31 32 33 34 35 36 37 38 39 40 41 42 43 44 45 46 47 48 49 50 51 52 53 54 55 56 57 58 59 60 61 62 63 64 65 66 67 68 69 70 71 72 73 74 75 76 77 78 79 80 81 82 83]
2023-06-20 09:20:13,219{GMT}	INFO	[jepsen worker 0] jepsen.util: 0	:invoke	:read	nil
2023-06-20 09:20:13,221{GMT}	INFO	[jepsen worker 0] jepsen.util: 0	:ok	:read	[0 1 2 3 4 5 6 7 8 9 10 11 12 13 14 15 16 17 18 19 20 21 22 23 24 25 26 27 28 29 30 31 32 33 34 35 36 37 38 39 40 41 42 43 44 45 46 47 48 49 50 51 52 53 54 55 56 57 58 59 60 61 62 63 64 65 66 67 68 69 70 71 72 73 74 75 76 77 78 79 80 81 82 83]
2023-06-20 09:20:13,296{GMT}	INFO	[jepsen worker 0] jepsen.util: 0	:invoke	:broadcast	84
2023-06-20 09:20:13,297{GMT}	INFO	[jepsen worker 0] jepsen.util: 0	:ok	:broadcast	84
2023-06-20 09:20:13,390{GMT}	INFO	[jepsen worker 0] jepsen.util: 0	:invoke	:broadcast	85
2023-06-20 09:20:13,391{GMT}	INFO	[jepsen worker 0] jepsen.util: 0	:ok	:broadcast	85
2023-06-20 09:20:13,417{GMT}	INFO	[jepsen worker 0] jepsen.util: 0	:invoke	:broadcast	86
2023-06-20 09:20:13,418{GMT}	INFO	[jepsen worker 0] jepsen.util: 0	:ok	:broadcast	86
2023-06-20 09:20:13,604{GMT}	INFO	[jepsen worker 0] jepsen.util: 0	:invoke	:broadcast	87
2023-06-20 09:20:13,606{GMT}	INFO	[jepsen worker 0] jepsen.util: 0	:ok	:broadcast	87
2023-06-20 09:20:13,657{GMT}	INFO	[jepsen worker 0] jepsen.util: 0	:invoke	:broadcast	88
2023-06-20 09:20:13,658{GMT}	INFO	[jepsen worker 0] jepsen.util: 0	:ok	:broadcast	88
2023-06-20 09:20:13,818{GMT}	INFO	[jepsen worker 0] jepsen.util: 0	:invoke	:read	nil
2023-06-20 09:20:13,820{GMT}	INFO	[jepsen worker 0] jepsen.util: 0	:ok	:read	[0 1 2 3 4 5 6 7 8 9 10 11 12 13 14 15 16 17 18 19 20 21 22 23 24 25 26 27 28 29 30 31 32 33 34 35 36 37 38 39 40 41 42 43 44 45 46 47 48 49 50 51 52 53 54 55 56 57 58 59 60 61 62 63 64 65 66 67 68 69 70 71 72 73 74 75 76 77 78 79 80 81 82 83 84 85 86 87 88]
2023-06-20 09:20:13,915{GMT}	INFO	[jepsen worker 0] jepsen.util: 0	:invoke	:broadcast	89
2023-06-20 09:20:13,916{GMT}	INFO	[jepsen worker 0] jepsen.util: 0	:ok	:broadcast	89
2023-06-20 09:20:13,963{GMT}	INFO	[jepsen worker 0] jepsen.util: 0	:invoke	:read	nil
2023-06-20 09:20:13,965{GMT}	INFO	[jepsen worker 0] jepsen.util: 0	:ok	:read	[0 1 2 3 4 5 6 7 8 9 10 11 12 13 14 15 16 17 18 19 20 21 22 23 24 25 26 27 28 29 30 31 32 33 34 35 36 37 38 39 40 41 42 43 44 45 46 47 48 49 50 51 52 53 54 55 56 57 58 59 60 61 62 63 64 65 66 67 68 69 70 71 72 73 74 75 76 77 78 79 80 81 82 83 84 85 86 87 88 89]
2023-06-20 09:20:14,051{GMT}	INFO	[jepsen worker 0] jepsen.util: 0	:invoke	:broadcast	90
2023-06-20 09:20:14,052{GMT}	INFO	[jepsen worker 0] jepsen.util: 0	:ok	:broadcast	90
2023-06-20 09:20:14,205{GMT}	INFO	[jepsen worker 0] jepsen.util: 0	:invoke	:read	nil
2023-06-20 09:20:14,207{GMT}	INFO	[jepsen worker 0] jepsen.util: 0	:ok	:read	[0 1 2 3 4 5 6 7 8 9 10 11 12 13 14 15 16 17 18 19 20 21 22 23 24 25 26 27 28 29 30 31 32 33 34 35 36 37 38 39 40 41 42 43 44 45 46 47 48 49 50 51 52 53 54 55 56 57 58 59 60 61 62 63 64 65 66 67 68 69 70 71 72 73 74 75 76 77 78 79 80 81 82 83 84 85 86 87 88 89 90]
2023-06-20 09:20:14,221{GMT}	INFO	[jepsen worker 0] jepsen.util: 0	:invoke	:broadcast	91
2023-06-20 09:20:14,222{GMT}	INFO	[jepsen worker 0] jepsen.util: 0	:ok	:broadcast	91
2023-06-20 09:20:14,317{GMT}	INFO	[jepsen worker 0] jepsen.util: 0	:invoke	:broadcast	92
2023-06-20 09:20:14,319{GMT}	INFO	[jepsen worker 0] jepsen.util: 0	:ok	:broadcast	92
2023-06-20 09:20:14,470{GMT}	INFO	[jepsen worker 0] jepsen.util: 0	:invoke	:read	nil
2023-06-20 09:20:14,472{GMT}	INFO	[jepsen worker 0] jepsen.util: 0	:ok	:read	[0 1 2 3 4 5 6 7 8 9 10 11 12 13 14 15 16 17 18 19 20 21 22 23 24 25 26 27 28 29 30 31 32 33 34 35 36 37 38 39 40 41 42 43 44 45 46 47 48 49 50 51 52 53 54 55 56 57 58 59 60 61 62 63 64 65 66 67 68 69 70 71 72 73 74 75 76 77 78 79 80 81 82 83 84 85 86 87 88 89 90 91 92]
2023-06-20 09:20:14,513{GMT}	INFO	[jepsen worker 0] jepsen.util: 0	:invoke	:broadcast	93
2023-06-20 09:20:14,515{GMT}	INFO	[jepsen worker 0] jepsen.util: 0	:ok	:broadcast	93
2023-06-20 09:20:14,593{GMT}	INFO	[jepsen worker 0] jepsen.util: 0	:invoke	:read	nil
2023-06-20 09:20:14,595{GMT}	INFO	[jepsen worker 0] jepsen.util: 0	:ok	:read	[0 1 2 3 4 5 6 7 8 9 10 11 12 13 14 15 16 17 18 19 20 21 22 23 24 25 26 27 28 29 30 31 32 33 34 35 36 37 38 39 40 41 42 43 44 45 46 47 48 49 50 51 52 53 54 55 56 57 58 59 60 61 62 63 64 65 66 67 68 69 70 71 72 73 74 75 76 77 78 79 80 81 82 83 84 85 86 87 88 89 90 91 92 93]
2023-06-20 09:20:14,640{GMT}	INFO	[jepsen worker 0] jepsen.util: 0	:invoke	:broadcast	94
2023-06-20 09:20:14,641{GMT}	INFO	[jepsen worker 0] jepsen.util: 0	:ok	:broadcast	94
2023-06-20 09:20:14,762{GMT}	INFO	[jepsen worker 0] jepsen.util: 0	:invoke	:broadcast	95
2023-06-20 09:20:14,764{GMT}	INFO	[jepsen worker 0] jepsen.util: 0	:ok	:broadcast	95
2023-06-20 09:20:14,842{GMT}	INFO	[jepsen worker 0] jepsen.util: 0	:invoke	:broadcast	96
2023-06-20 09:20:14,843{GMT}	INFO	[jepsen worker 0] jepsen.util: 0	:ok	:broadcast	96
2023-06-20 09:20:14,974{GMT}	INFO	[jepsen worker 0] jepsen.util: 0	:invoke	:read	nil
2023-06-20 09:20:14,975{GMT}	INFO	[jepsen worker 0] jepsen.util: 0	:ok	:read	[0 1 2 3 4 5 6 7 8 9 10 11 12 13 14 15 16 17 18 19 20 21 22 23 24 25 26 27 28 29 30 31 32 33 34 35 36 37 38 39 40 41 42 43 44 45 46 47 48 49 50 51 52 53 54 55 56 57 58 59 60 61 62 63 64 65 66 67 68 69 70 71 72 73 74 75 76 77 78 79 80 81 82 83 84 85 86 87 88 89 90 91 92 93 94 95 96]
2023-06-20 09:20:14,982{GMT}	INFO	[jepsen worker 0] jepsen.util: 0	:invoke	:read	nil
2023-06-20 09:20:14,984{GMT}	INFO	[jepsen worker 0] jepsen.util: 0	:ok	:read	[0 1 2 3 4 5 6 7 8 9 10 11 12 13 14 15 16 17 18 19 20 21 22 23 24 25 26 27 28 29 30 31 32 33 34 35 36 37 38 39 40 41 42 43 44 45 46 47 48 49 50 51 52 53 54 55 56 57 58 59 60 61 62 63 64 65 66 67 68 69 70 71 72 73 74 75 76 77 78 79 80 81 82 83 84 85 86 87 88 89 90 91 92 93 94 95 96]
2023-06-20 09:20:15,005{GMT}	INFO	[jepsen worker 0] jepsen.util: 0	:invoke	:broadcast	97
2023-06-20 09:20:15,006{GMT}	INFO	[jepsen worker 0] jepsen.util: 0	:ok	:broadcast	97
2023-06-20 09:20:15,122{GMT}	INFO	[jepsen worker 0] jepsen.util: 0	:invoke	:read	nil
2023-06-20 09:20:15,124{GMT}	INFO	[jepsen worker 0] jepsen.util: 0	:ok	:read	[0 1 2 3 4 5 6 7 8 9 10 11 12 13 14 15 16 17 18 19 20 21 22 23 24 25 26 27 28 29 30 31 32 33 34 35 36 37 38 39 40 41 42 43 44 45 46 47 48 49 50 51 52 53 54 55 56 57 58 59 60 61 62 63 64 65 66 67 68 69 70 71 72 73 74 75 76 77 78 79 80 81 82 83 84 85 86 87 88 89 90 91 92 93 94 95 96 97]
2023-06-20 09:20:15,130{GMT}	INFO	[jepsen worker 0] jepsen.util: 0	:invoke	:broadcast	98
2023-06-20 09:20:15,131{GMT}	INFO	[jepsen worker 0] jepsen.util: 0	:ok	:broadcast	98
2023-06-20 09:20:15,200{GMT}	INFO	[jepsen worker 0] jepsen.util: 0	:invoke	:broadcast	99
2023-06-20 09:20:15,201{GMT}	INFO	[jepsen worker 0] jepsen.util: 0	:ok	:broadcast	99
2023-06-20 09:20:15,338{GMT}	INFO	[jepsen worker 0] jepsen.util: 0	:invoke	:broadcast	100
2023-06-20 09:20:15,339{GMT}	INFO	[jepsen worker 0] jepsen.util: 0	:ok	:broadcast	100
2023-06-20 09:20:15,453{GMT}	INFO	[jepsen worker 0] jepsen.util: 0	:invoke	:broadcast	101
2023-06-20 09:20:15,454{GMT}	INFO	[jepsen worker 0] jepsen.util: 0	:ok	:broadcast	101
2023-06-20 09:20:15,628{GMT}	INFO	[jepsen worker 0] jepsen.util: 0	:invoke	:broadcast	102
2023-06-20 09:20:15,630{GMT}	INFO	[jepsen worker 0] jepsen.util: 0	:ok	:broadcast	102
2023-06-20 09:20:15,630{GMT}	INFO	[jepsen worker 0] jepsen.util: 0	:invoke	:broadcast	103
2023-06-20 09:20:15,631{GMT}	INFO	[jepsen worker 0] jepsen.util: 0	:ok	:broadcast	103
2023-06-20 09:20:15,743{GMT}	INFO	[jepsen worker 0] jepsen.util: 0	:invoke	:read	nil
2023-06-20 09:20:15,744{GMT}	INFO	[jepsen worker 0] jepsen.util: 0	:ok	:read	[0 1 2 3 4 5 6 7 8 9 10 11 12 13 14 15 16 17 18 19 20 21 22 23 24 25 26 27 28 29 30 31 32 33 34 35 36 37 38 39 40 41 42 43 44 45 46 47 48 49 50 51 52 53 54 55 56 57 58 59 60 61 62 63 64 65 66 67 68 69 70 71 72 73 74 75 76 77 78 79 80 81 82 83 84 85 86 87 88 89 90 91 92 93 94 95 96 97 98 99 100 101 102 103]
2023-06-20 09:20:15,874{GMT}	INFO	[jepsen worker 0] jepsen.util: 0	:invoke	:read	nil
2023-06-20 09:20:15,875{GMT}	INFO	[jepsen worker 0] jepsen.util: 0	:ok	:read	[0 1 2 3 4 5 6 7 8 9 10 11 12 13 14 15 16 17 18 19 20 21 22 23 24 25 26 27 28 29 30 31 32 33 34 35 36 37 38 39 40 41 42 43 44 45 46 47 48 49 50 51 52 53 54 55 56 57 58 59 60 61 62 63 64 65 66 67 68 69 70 71 72 73 74 75 76 77 78 79 80 81 82 83 84 85 86 87 88 89 90 91 92 93 94 95 96 97 98 99 100 101 102 103]
2023-06-20 09:20:15,887{GMT}	INFO	[jepsen worker 0] jepsen.util: 0	:invoke	:read	nil
2023-06-20 09:20:15,887{GMT}	INFO	[jepsen worker 0] jepsen.util: 0	:ok	:read	[0 1 2 3 4 5 6 7 8 9 10 11 12 13 14 15 16 17 18 19 20 21 22 23 24 25 26 27 28 29 30 31 32 33 34 35 36 37 38 39 40 41 42 43 44 45 46 47 48 49 50 51 52 53 54 55 56 57 58 59 60 61 62 63 64 65 66 67 68 69 70 71 72 73 74 75 76 77 78 79 80 81 82 83 84 85 86 87 88 89 90 91 92 93 94 95 96 97 98 99 100 101 102 103]
2023-06-20 09:20:15,888{GMT}	INFO	[jepsen worker 0] jepsen.generator.interpreter: Waiting for recovery...
2023-06-20 09:20:25,890{GMT}	INFO	[jepsen worker 0] jepsen.util: 0	:invoke	:read	nil
2023-06-20 09:20:25,892{GMT}	INFO	[jepsen worker 0] jepsen.util: 0	:ok	:read	[0 1 2 3 4 5 6 7 8 9 10 11 12 13 14 15 16 17 18 19 20 21 22 23 24 25 26 27 28 29 30 31 32 33 34 35 36 37 38 39 40 41 42 43 44 45 46 47 48 49 50 51 52 53 54 55 56 57 58 59 60 61 62 63 64 65 66 67 68 69 70 71 72 73 74 75 76 77 78 79 80 81 82 83 84 85 86 87 88 89 90 91 92 93 94 95 96 97 98 99 100 101 102 103]
2023-06-20 09:20:25,917{GMT}	INFO	[jepsen test runner] jepsen.core: Run complete, writing
2023-06-20 09:20:25,955{GMT}	INFO	[jepsen node n0] maelstrom.db: Tearing down n0
2023-06-20 09:20:26,934{GMT}	INFO	[jepsen node n0] maelstrom.net: Shutting down Maelstrom network
2023-06-20 09:20:26,935{GMT}	INFO	[jepsen test runner] jepsen.core: Analyzing...
2023-06-20 09:20:27,107{GMT}	INFO	[jepsen test runner] jepsen.core: Analysis complete
2023-06-20 09:20:27,115{GMT}	INFO	[jepsen results] jepsen.store: Wrote /var/home/rtmoran/repos/rtmor/maelstrom/cmd/broadcast/store/broadcast/20230620T091954.655-0400/results.edn
2023-06-20 09:20:27,165{GMT}	INFO	[jepsen test runner] jepsen.core: {:perf {:latency-graph {:valid? true},
        :rate-graph {:valid? true},
        :valid? true},
 :timeline {:valid? true},
 :exceptions {:valid? true},
 :stats {:valid? true,
         :count 203,
         :ok-count 203,
         :fail-count 0,
         :info-count 0,
         :by-f {:broadcast {:valid? true,
                            :count 104,
                            :ok-count 104,
                            :fail-count 0,
                            :info-count 0},
                :read {:valid? true,
                       :count 99,
                       :ok-count 99,
                       :fail-count 0,
                       :info-count 0}}},
 :availability {:valid? true, :ok-fraction 1.0},
 :net {:all {:send-count 410,
             :recv-count 410,
             :msg-count 410,
             :msgs-per-op 2.0197043},
       :clients {:send-count 410, :recv-count 410, :msg-count 410},
       :servers {:send-count 0,
                 :recv-count 0,
                 :msg-count 0,
                 :msgs-per-op 0.0},
       :valid? true},
 :workload {:worst-stale (),
            :duplicated-count 0,
            :valid? true,
            :lost-count 0,
            :lost (),
            :stable-count 104,
            :stale-count 0,
            :stale (),
            :never-read-count 0,
            :stable-latencies {0 0, 0.5 0, 0.95 0, 0.99 0, 1 0},
            :attempt-count 104,
            :never-read (),
            :duplicated {}},
 :valid? true}


Everything looks good! (`)
