2023/06/18 12:58:20 Received {c0 n0 {"type":"init","node_id":"n0","node_ids":["n0"],"msg_id":1}}
2023/06/18 12:58:20 Node n0 initialized
2023/06/18 12:58:20 Sent {"src":"n0","dest":"c0","body":{"in_reply_to":1,"type":"init_ok"}}
2023/06/18 12:58:20 Received {c1 n0 {"type":"topology","topology":{"n0":[]},"msg_id":1}}
fatal error: sync: Unlock of unlocked RWMutex

goroutine 7 [running]:
sync.fatal({0x4f0fa7?, 0x4cde60?})
	/usr/lib/golang/src/runtime/panic.go:1031 +0x1e
sync.(*RWMutex).Unlock(0xc00001a1e0)
	/usr/lib/golang/src/sync/rwmutex.go:209 +0x4a
mael.(*BroadcastService).TopologyHandler(0xc000012078, {{0xc00001c3e8, 0x2}, {0xc00001c3ea, 0x2}, {0xc000022340, 0x33, 0x40}})
	/var/home/rtmoran/repos/rtmor/maelstrom/broadcast.go:91 +0xab
github.com/jepsen-io/maelstrom/demo/go.(*Node).handleMessage(0x0?, 0x0?, {{0xc00001c3e8, 0x2}, {0xc00001c3ea, 0x2}, {0xc000022340, 0x33, 0x40}})
	/var/home/rtmoran/.local/share/go/pkg/mod/github.com/jepsen-io/maelstrom/demo/go@v0.0.0-20230516124010-52951329816e/node.go:151 +0x96
github.com/jepsen-io/maelstrom/demo/go.(*Node).Run.func2()
	/var/home/rtmoran/.local/share/go/pkg/mod/github.com/jepsen-io/maelstrom/demo/go@v0.0.0-20230516124010-52951329816e/node.go:129 +0x88
created by github.com/jepsen-io/maelstrom/demo/go.(*Node).Run
	/var/home/rtmoran/.local/share/go/pkg/mod/github.com/jepsen-io/maelstrom/demo/go@v0.0.0-20230516124010-52951329816e/node.go:127 +0x41b

goroutine 1 [syscall]:
syscall.Syscall(0xc0?, 0xe8812c?, 0x800000?, 0x7ffff800000?)
	/usr/lib/golang/src/syscall/syscall_linux.go:69 +0x27
syscall.read(0xc00008e060?, {0xc0000b40be?, 0x0?, 0x0?})
	/usr/lib/golang/src/syscall/zsyscall_linux_amd64.go:711 +0x45
syscall.Read(...)
	/usr/lib/golang/src/syscall/syscall_unix.go:178
internal/poll.ignoringEINTRIO(...)
	/usr/lib/golang/src/internal/poll/fd_unix.go:794
internal/poll.(*FD).Read(0xc00008e060?, {0xc0000b40be?, 0xf42?, 0xf42?})
	/usr/lib/golang/src/internal/poll/fd_unix.go:163 +0x2ce
os.(*File).read(...)
	/usr/lib/golang/src/os/file_posix.go:31
os.(*File).Read(0xc000014010, {0xc0000b40be?, 0xc0000bdda8?, 0x499f7c?})
	/usr/lib/golang/src/os/file.go:118 +0x5e
bufio.(*Scanner).Scan(0xc0000bdeb8)
	/usr/lib/golang/src/bufio/scan.go:214 +0x876
github.com/jepsen-io/maelstrom/demo/go.(*Node).Run(0xc000032080)
	/var/home/rtmoran/.local/share/go/pkg/mod/github.com/jepsen-io/maelstrom/demo/go@v0.0.0-20230516124010-52951329816e/node.go:79 +0x85
mael.(*BroadcastService).Run(...)
	/var/home/rtmoran/repos/rtmor/maelstrom/broadcast.go:44
main.main()
	/var/home/rtmoran/repos/rtmor/maelstrom/cmd/broadcast/main.go:10 +0x25
